<?xml version="1.0" encoding="UTF-8"?>
<!-- Generated by org.testng.reporters.JUnitXMLReporter -->
<testsuite ignored="1" hostname="localhost.localdomain" failures="0" tests="1" name="Default test" time="3.652" errors="0" timestamp="2024-03-08T12:59:23 BRT">
  <testcase classname="tests.PutPatchDeleteExamples" name="testPatch" time="3.609"/>
  <testcase classname="tests.PutPatchDeleteExamples" name="testPut" time="0.0">
    <ignored/>
  </testcase> <!-- testPut -->
</testsuite> <!-- Default test -->
