<?xml version="1.0" encoding="UTF-8"?>
<!-- Generated by org.testng.reporters.JUnitXMLReporter -->
<testsuite ignored="2" hostname="localhost.localdomain" failures="0" tests="1" name="Default test" time="3.917" errors="0" timestamp="2024-03-08T13:12:52 BRT">
  <testcase classname="tests.PutPatchDeleteExamples" name="testDelete" time="3.887"/>
  <testcase classname="tests.PutPatchDeleteExamples" name="testPut" time="0.0">
    <ignored/>
  </testcase> <!-- testPut -->
  <testcase classname="tests.PutPatchDeleteExamples" name="testPatch" time="0.0">
    <ignored/>
  </testcase> <!-- testPatch -->
</testsuite> <!-- Default test -->
