<?xml version="1.0" encoding="UTF-8"?>
<testng-results ignored="0" total="1" passed="1" failed="0" skipped="0">
  <reporter-output>
  </reporter-output>
  <suite started-at="2024-03-06T18:48:35 BRT" name="Default suite" finished-at="2024-03-06T18:48:38 BRT" duration-ms="2793">
    <groups>
    </groups>
    <test started-at="2024-03-06T18:48:35 BRT" name="Default test" finished-at="2024-03-06T18:48:38 BRT" duration-ms="2793">
      <class name="tests.PutPatchDeleteExamples">
        <test-method signature="testPut()[pri:0, instance:tests.PutPatchDeleteExamples@5939a379]" started-at="2024-03-06T18:48:35 BRT" name="testPut" finished-at="2024-03-06T18:48:38 BRT" duration-ms="2744" status="PASS">
          <reporter-output>
          </reporter-output>
        </test-method> <!-- testPut -->
      </class> <!-- tests.PutPatchDeleteExamples -->
    </test> <!-- Default test -->
  </suite> <!-- Default suite -->
</testng-results>
